JUnit version 4.10
.
PASSED: After addAfter(2.2), toString returns <1.1, [2.2]>: <1.1, [2.2]>

PASSED: Current is 2.2: 2.2

PASSED: isCurrent() returns true: true

PASSED: size is 2: 2
.
PASSED: After addAfter(3.3), toString returns <1.1, 2.2, [3.3]>:
        <1.1, 2.2, [3.3]>

PASSED: Current is 3.3: 3.3

PASSED: isCurrent() returns true: true

PASSED: size is 3: 3
.
PASSED: isCurrent returns false: false

PASSED: size returns 0: 0

PASSED: toString returns "<>": <>
.
PASSED: After start, toString returns <[1.1], 2.2, 3.3>:
        <[1.1], 2.2, 3.3>
.
PASSED: After addAfter(4.4), toString returns <1.1, [4.4], 2.2, 3.3>:
        <1.1, [4.4], 2.2, 3.3>

PASSED: Current is 4.4: 4.4

PASSED: isCurrent() returns true: true

PASSED: size is 4: 4
.
PASSED: After advance, toString returns <1.1, 4.4, [2.2], 3.3>:
        <1.1, 4.4, [2.2], 3.3>
.
PASSED: After addAfter(5.5), toString returns <1.1, 4.4, 2.2, [5.5], 3.3>:
        <1.1, 4.4, 2.2, [5.5], 3.3>
.
PASSED: After 2x advance(), toString returns <1.1, 4.4, 2.2, 5.5, 3.3>:
        <1.1, 4.4, 2.2, 5.5, 3.3>
.
PASSED: After addAfter(6.6), toString returns <1.1, 4.4, 2.2, 5.5, 3.3, [6.6]>:
        <1.1, 4.4, 2.2, 5.5, 3.3, [6.6]>
.
PASSED: After adding 4 more, toString returns
        <1.1, 4.4, 2.2, 5.5, 3.3, 6.6, 7.7, 8.8, 9.9, [1.2]>:
        <1.1, 4.4, 2.2, 5.5, 3.3, 6.6, 7.7, 8.8, 9.9, [1.2]>

PASSED: size returns 10: 10
.
PASSED: After adding 1 more, toString returns
        <1.1, 4.4, 2.2, 5.5, 3.3, 6.6, 7.7, 8.8,9.9, 1.2, [2.3]>:
        <1.1, 4.4, 2.2, 5.5, 3.3, 6.6, 7.7, 8.8, 9.9, 1.2, [2.3]>

PASSED: size returns 11: 11
.
PASSED: After addBefore(1.1), toString returns <[1.1]>: <[1.1]>

PASSED: Current is 1.1: 1.1

PASSED: isCurrent() returns true: true

PASSED: size is 1: 1
.
PASSED: After addBefore(2.2), toString returns <[2.2], 1.1>: <[2.2], 1.1>

PASSED: Current is 2.2: 2.2

PASSED: isCurrent() returns true: true

PASSED: size is 2: 2
.
PASSED: After addBefore(3.3), toString returns <[3.3], 2.2, 1.1>:
        <[3.3], 2.2, 1.1>

PASSED: Current is 3.3: 3.3

PASSED: isCurrent() returns true: true

PASSED: size is 3: 3
.
PASSED: After advance(), toString returns <3.3, [2.2], 1.1>:
        <3.3, [2.2], 1.1>
.
PASSED: After addBefore(4.4), toString returns <3.3, [4.4], 2.2,1.1>:
        <3.3, [4.4], 2.2, 1.1>

PASSED: Current is 4.4: 4.4

PASSED: isCurrent() returns true: true

PASSED: size is 4: 4
.
PASSED: After 3x advance(), toString returns <3.3, 4.4, 2.2, 1.1>:
        <3.3, 4.4, 2.2, 1.1>
.
PASSED: After addBefore(5.5), toString returns <[5.5], 3.3, 4.4, 2.2, 1.1>:
        <[5.5], 3.3, 4.4, 2.2, 1.1>

PASSED: Current is 5.5: 5.5

PASSED: isCurrent() returns true: true

PASSED: size is 5: 5
.
PASSED: Current is 1.2: 1.2

PASSED: isCurrent() returns true: true

PASSED: size is 10: 10
.
PASSED: Current is 2.3: 2.3

PASSED: isCurrent() returns true: true

PASSED: size is 11: 11
.
PASSED: After addAll(s2), s1 is <1.1, [2.2], 3.3, 4.4, 5.5, 6.6>

PASSED: s1's size is 6: 6
.
PASSED: After addAll(), s2 is <4.4, 5.5, [6.6]>

PASSED: s2's size is 3: 3
.
PASSED: After addAll(s1), s1 is
        <1.1, [2.2], 3.3, 4.4, 5.5, 6.6, 1.1, 2.2, 3.3, 4.4, 5.5, 6.6>:
        <1.1, [2.2], 3.3, 4.4, 5.5, 6.6, 1.1, 2.2, 3.3, 4.4, 5.5, 6.6>

PASSED: s1's size is 12: 12
.
FAILED: The clone and the original are equal: false
E.
PASSED: s2 is <1.1, [2.2], 3.3>: <1.1, [2.2], 3.3>

PASSED: The size of the clone is 3: 3

PASSED: The current of the clone is 2.2: 2.2
.
PASSED: s1 is <1.1, [2.2], 3.3>: <1.1, [2.2], 3.3>

PASSED: The size of the original is 3: 3

PASSED: The current of the original is 2.2: 2.2
.
PASSED: s2 is <1.1, 2.2, [4.4], 3.3>: <1.1, 2.2, [4.4], 3.3>

PASSED: The size of the clone is 4: 4

PASSED: The current of the clone is 4.4: 4.4
.
PASSED: s1 is still <1.1, [2.2]>: <1.1, [2.2]>

PASSED: s2 is still <[1.1], 2.2>: <[1.1], 2.2>
.
PASSED: New seq is: <1.1, 2.2, 1.1, 2.2>: <1.1, 2.2, 1.1, 2.2>

PASSED: New seq's size is 4: 4

PASSED: New seq has a current (false): false
.
PASSED: Seq is: <[1.0], 2.0, 3.0, 4.0, 5.0, 6.0, 7.0, 8.0, 9.0, 1.0, 1.1>:
        <[1.0], 2.0, 3.0, 4.0, 5.0, 6.0, 7.0, 8.0, 9.0, 1.0, 1.1>
.
PASSED: size is 10: 10

PASSED: After removeCurrent: <[2.0], 3.0, 4.0, 5.0, 6.0, 7.0, 8.0, 9.0, 1.0, 1.1>:
        <[2.0], 3.0, 4.0, 5.0, 6.0, 7.0, 8.0, 9.0, 1.0, 1.1>
.
PASSED: size is 9: 9

FAILED: After advance/removeCurrent:
        <2.0, [4.0], 5.0, 6.0, 7.0, 8.0, 9.0, 1.0, 1.1>:
        <2.04.0, 5.0, 6.0, 7.0, 8.0, 9.0, 1.0, 1.1, >
E.E.E.E.
FAILED: An empty sequence is equal to itself: false
E.
PASSED: Two sequence w/ same element but different current are equal (false): false
.
PASSED: Two sequence w/ same element but different current are equal (false): false
.
PASSED: addAll(null) should throw a NPE: null
.
PASSED: advance() with no current should throw a ISE:
        null
.
PASSED: concatenation(null, null) should throw a NPE:
        null
.
PASSED: concatenation(null, s) should throw a NPE:
        null
.
PASSED: concatenation(s, null) should throw a NPE:
        null
.
PASSED: getCurrent() w/ no current should throw a ISE:
        null
.
PASSED: removeCurrent() w/ no current should throw a ISE:
        null
..
FAILED: Two empty sequences are equal: false
E.
PASSED: After addAfter(1.1), toString returns <[1.1]>: <[1.1]>

PASSED: Current is 1.1: 1.1

PASSED: isCurrent() returns true: true

PASSED: size is 1: 1

Time: 0.039
There were 7 failures:
1) testClone1(tests.DoubleLinkedSeqTest)
java.lang.AssertionError: The clone and the original are equal: false
	at org.junit.Assert.fail(Assert.java:93)
	at org.junit.Assert.assertTrue(Assert.java:43)
	at tests.DoubleLinkedSeqTest.test(DoubleLinkedSeqTest.java:55)
	at tests.DoubleLinkedSeqTest.testClone1(DoubleLinkedSeqTest.java:642)
	at sun.reflect.NativeMethodAccessorImpl.invoke0(Native Method)
	at sun.reflect.NativeMethodAccessorImpl.invoke(NativeMethodAccessorImpl.java:62)
	at sun.reflect.DelegatingMethodAccessorImpl.invoke(DelegatingMethodAccessorImpl.java:43)
	at java.lang.reflect.Method.invoke(Method.java:498)
	at org.junit.runners.model.FrameworkMethod$1.runReflectiveCall(FrameworkMethod.java:45)
	at org.junit.internal.runners.model.ReflectiveCallable.run(ReflectiveCallable.java:15)
	at org.junit.runners.model.FrameworkMethod.invokeExplosively(FrameworkMethod.java:42)
	at org.junit.internal.runners.statements.InvokeMethod.evaluate(InvokeMethod.java:20)
	at org.junit.runners.ParentRunner.runLeaf(ParentRunner.java:263)
	at org.junit.runners.BlockJUnit4ClassRunner.runChild(BlockJUnit4ClassRunner.java:68)
	at org.junit.runners.BlockJUnit4ClassRunner.runChild(BlockJUnit4ClassRunner.java:47)
	at org.junit.runners.ParentRunner$3.run(ParentRunner.java:231)
	at org.junit.runners.ParentRunner$1.schedule(ParentRunner.java:60)
	at org.junit.runners.ParentRunner.runChildren(ParentRunner.java:229)
	at org.junit.runners.ParentRunner.access$000(ParentRunner.java:50)
	at org.junit.runners.ParentRunner$2.evaluate(ParentRunner.java:222)
	at org.junit.runners.ParentRunner.run(ParentRunner.java:300)
	at org.junit.runners.Suite.runChild(Suite.java:128)
	at org.junit.runners.Suite.runChild(Suite.java:24)
	at org.junit.runners.ParentRunner$3.run(ParentRunner.java:231)
	at org.junit.runners.ParentRunner$1.schedule(ParentRunner.java:60)
	at org.junit.runners.ParentRunner.runChildren(ParentRunner.java:229)
	at org.junit.runners.ParentRunner.access$000(ParentRunner.java:50)
	at org.junit.runners.ParentRunner$2.evaluate(ParentRunner.java:222)
	at org.junit.runners.ParentRunner.run(ParentRunner.java:300)
	at org.junit.runner.JUnitCore.run(JUnitCore.java:157)
	at org.junit.runner.JUnitCore.run(JUnitCore.java:136)
	at org.junit.runner.JUnitCore.run(JUnitCore.java:117)
	at org.junit.runner.JUnitCore.runMain(JUnitCore.java:98)
	at org.junit.runner.JUnitCore.runMainAndExit(JUnitCore.java:53)
	at org.junit.runner.JUnitCore.main(JUnitCore.java:45)
2) testRemoveCurrent2(tests.DoubleLinkedSeqTest)
java.lang.AssertionError: After advance/removeCurrent:
        <2.0, [4.0], 5.0, 6.0, 7.0, 8.0, 9.0, 1.0, 1.1>:
        <2.04.0, 5.0, 6.0, 7.0, 8.0, 9.0, 1.0, 1.1, >
	at org.junit.Assert.fail(Assert.java:93)
	at org.junit.Assert.assertTrue(Assert.java:43)
	at tests.DoubleLinkedSeqTest.test(DoubleLinkedSeqTest.java:55)
	at tests.DoubleLinkedSeqTest.testRemoveCurrent2(DoubleLinkedSeqTest.java:854)
	at sun.reflect.NativeMethodAccessorImpl.invoke0(Native Method)
	at sun.reflect.NativeMethodAccessorImpl.invoke(NativeMethodAccessorImpl.java:62)
	at sun.reflect.DelegatingMethodAccessorImpl.invoke(DelegatingMethodAccessorImpl.java:43)
	at java.lang.reflect.Method.invoke(Method.java:498)
	at org.junit.runners.model.FrameworkMethod$1.runReflectiveCall(FrameworkMethod.java:45)
	at org.junit.internal.runners.model.ReflectiveCallable.run(ReflectiveCallable.java:15)
	at org.junit.runners.model.FrameworkMethod.invokeExplosively(FrameworkMethod.java:42)
	at org.junit.internal.runners.statements.InvokeMethod.evaluate(InvokeMethod.java:20)
	at org.junit.runners.ParentRunner.runLeaf(ParentRunner.java:263)
	at org.junit.runners.BlockJUnit4ClassRunner.runChild(BlockJUnit4ClassRunner.java:68)
	at org.junit.runners.BlockJUnit4ClassRunner.runChild(BlockJUnit4ClassRunner.java:47)
	at org.junit.runners.ParentRunner$3.run(ParentRunner.java:231)
	at org.junit.runners.ParentRunner$1.schedule(ParentRunner.java:60)
	at org.junit.runners.ParentRunner.runChildren(ParentRunner.java:229)
	at org.junit.runners.ParentRunner.access$000(ParentRunner.java:50)
	at org.junit.runners.ParentRunner$2.evaluate(ParentRunner.java:222)
	at org.junit.runners.ParentRunner.run(ParentRunner.java:300)
	at org.junit.runners.Suite.runChild(Suite.java:128)
	at org.junit.runners.Suite.runChild(Suite.java:24)
	at org.junit.runners.ParentRunner$3.run(ParentRunner.java:231)
	at org.junit.runners.ParentRunner$1.schedule(ParentRunner.java:60)
	at org.junit.runners.ParentRunner.runChildren(ParentRunner.java:229)
	at org.junit.runners.ParentRunner.access$000(ParentRunner.java:50)
	at org.junit.runners.ParentRunner$2.evaluate(ParentRunner.java:222)
	at org.junit.runners.ParentRunner.run(ParentRunner.java:300)
	at org.junit.runner.JUnitCore.run(JUnitCore.java:157)
	at org.junit.runner.JUnitCore.run(JUnitCore.java:136)
	at org.junit.runner.JUnitCore.run(JUnitCore.java:117)
	at org.junit.runner.JUnitCore.runMain(JUnitCore.java:98)
	at org.junit.runner.JUnitCore.runMainAndExit(JUnitCore.java:53)
	at org.junit.runner.JUnitCore.main(JUnitCore.java:45)
3) testRemoveCurrent3(tests.DoubleLinkedSeqTest)
java.lang.IllegalStateException
	at solution.DoubleLinkedSeq.advance(DoubleLinkedSeq.java:174)
	at tests.DoubleLinkedSeqTest.update(DoubleLinkedSeqTest.java:797)
	at tests.DoubleLinkedSeqTest.testRemoveCurrent3(DoubleLinkedSeqTest.java:870)
	at sun.reflect.NativeMethodAccessorImpl.invoke0(Native Method)
	at sun.reflect.NativeMethodAccessorImpl.invoke(NativeMethodAccessorImpl.java:62)
	at sun.reflect.DelegatingMethodAccessorImpl.invoke(DelegatingMethodAccessorImpl.java:43)
	at java.lang.reflect.Method.invoke(Method.java:498)
	at org.junit.runners.model.FrameworkMethod$1.runReflectiveCall(FrameworkMethod.java:45)
	at org.junit.internal.runners.model.ReflectiveCallable.run(ReflectiveCallable.java:15)
	at org.junit.runners.model.FrameworkMethod.invokeExplosively(FrameworkMethod.java:42)
	at org.junit.internal.runners.statements.InvokeMethod.evaluate(InvokeMethod.java:20)
	at org.junit.runners.ParentRunner.runLeaf(ParentRunner.java:263)
	at org.junit.runners.BlockJUnit4ClassRunner.runChild(BlockJUnit4ClassRunner.java:68)
	at org.junit.runners.BlockJUnit4ClassRunner.runChild(BlockJUnit4ClassRunner.java:47)
	at org.junit.runners.ParentRunner$3.run(ParentRunner.java:231)
	at org.junit.runners.ParentRunner$1.schedule(ParentRunner.java:60)
	at org.junit.runners.ParentRunner.runChildren(ParentRunner.java:229)
	at org.junit.runners.ParentRunner.access$000(ParentRunner.java:50)
	at org.junit.runners.ParentRunner$2.evaluate(ParentRunner.java:222)
	at org.junit.runners.ParentRunner.run(ParentRunner.java:300)
	at org.junit.runners.Suite.runChild(Suite.java:128)
	at org.junit.runners.Suite.runChild(Suite.java:24)
	at org.junit.runners.ParentRunner$3.run(ParentRunner.java:231)
	at org.junit.runners.ParentRunner$1.schedule(ParentRunner.java:60)
	at org.junit.runners.ParentRunner.runChildren(ParentRunner.java:229)
	at org.junit.runners.ParentRunner.access$000(ParentRunner.java:50)
	at org.junit.runners.ParentRunner$2.evaluate(ParentRunner.java:222)
	at org.junit.runners.ParentRunner.run(ParentRunner.java:300)
	at org.junit.runner.JUnitCore.run(JUnitCore.java:157)
	at org.junit.runner.JUnitCore.run(JUnitCore.java:136)
	at org.junit.runner.JUnitCore.run(JUnitCore.java:117)
	at org.junit.runner.JUnitCore.runMain(JUnitCore.java:98)
	at org.junit.runner.JUnitCore.runMainAndExit(JUnitCore.java:53)
	at org.junit.runner.JUnitCore.main(JUnitCore.java:45)
4) testRemoveCurrent4(tests.DoubleLinkedSeqTest)
java.lang.IllegalStateException
	at solution.DoubleLinkedSeq.advance(DoubleLinkedSeq.java:174)
	at tests.DoubleLinkedSeqTest.update(DoubleLinkedSeqTest.java:797)
	at tests.DoubleLinkedSeqTest.testRemoveCurrent4(DoubleLinkedSeqTest.java:890)
	at sun.reflect.NativeMethodAccessorImpl.invoke0(Native Method)
	at sun.reflect.NativeMethodAccessorImpl.invoke(NativeMethodAccessorImpl.java:62)
	at sun.reflect.DelegatingMethodAccessorImpl.invoke(DelegatingMethodAccessorImpl.java:43)
	at java.lang.reflect.Method.invoke(Method.java:498)
	at org.junit.runners.model.FrameworkMethod$1.runReflectiveCall(FrameworkMethod.java:45)
	at org.junit.internal.runners.model.ReflectiveCallable.run(ReflectiveCallable.java:15)
	at org.junit.runners.model.FrameworkMethod.invokeExplosively(FrameworkMethod.java:42)
	at org.junit.internal.runners.statements.InvokeMethod.evaluate(InvokeMethod.java:20)
	at org.junit.runners.ParentRunner.runLeaf(ParentRunner.java:263)
	at org.junit.runners.BlockJUnit4ClassRunner.runChild(BlockJUnit4ClassRunner.java:68)
	at org.junit.runners.BlockJUnit4ClassRunner.runChild(BlockJUnit4ClassRunner.java:47)
	at org.junit.runners.ParentRunner$3.run(ParentRunner.java:231)
	at org.junit.runners.ParentRunner$1.schedule(ParentRunner.java:60)
	at org.junit.runners.ParentRunner.runChildren(ParentRunner.java:229)
	at org.junit.runners.ParentRunner.access$000(ParentRunner.java:50)
	at org.junit.runners.ParentRunner$2.evaluate(ParentRunner.java:222)
	at org.junit.runners.ParentRunner.run(ParentRunner.java:300)
	at org.junit.runners.Suite.runChild(Suite.java:128)
	at org.junit.runners.Suite.runChild(Suite.java:24)
	at org.junit.runners.ParentRunner$3.run(ParentRunner.java:231)
	at org.junit.runners.ParentRunner$1.schedule(ParentRunner.java:60)
	at org.junit.runners.ParentRunner.runChildren(ParentRunner.java:229)
	at org.junit.runners.ParentRunner.access$000(ParentRunner.java:50)
	at org.junit.runners.ParentRunner$2.evaluate(ParentRunner.java:222)
	at org.junit.runners.ParentRunner.run(ParentRunner.java:300)
	at org.junit.runner.JUnitCore.run(JUnitCore.java:157)
	at org.junit.runner.JUnitCore.run(JUnitCore.java:136)
	at org.junit.runner.JUnitCore.run(JUnitCore.java:117)
	at org.junit.runner.JUnitCore.runMain(JUnitCore.java:98)
	at org.junit.runner.JUnitCore.runMainAndExit(JUnitCore.java:53)
	at org.junit.runner.JUnitCore.main(JUnitCore.java:45)
5) testRemoveCurrent5(tests.DoubleLinkedSeqTest)
java.lang.IllegalStateException
	at solution.DoubleLinkedSeq.advance(DoubleLinkedSeq.java:174)
	at tests.DoubleLinkedSeqTest.update(DoubleLinkedSeqTest.java:797)
	at tests.DoubleLinkedSeqTest.testRemoveCurrent5(DoubleLinkedSeqTest.java:917)
	at sun.reflect.NativeMethodAccessorImpl.invoke0(Native Method)
	at sun.reflect.NativeMethodAccessorImpl.invoke(NativeMethodAccessorImpl.java:62)
	at sun.reflect.DelegatingMethodAccessorImpl.invoke(DelegatingMethodAccessorImpl.java:43)
	at java.lang.reflect.Method.invoke(Method.java:498)
	at org.junit.runners.model.FrameworkMethod$1.runReflectiveCall(FrameworkMethod.java:45)
	at org.junit.internal.runners.model.ReflectiveCallable.run(ReflectiveCallable.java:15)
	at org.junit.runners.model.FrameworkMethod.invokeExplosively(FrameworkMethod.java:42)
	at org.junit.internal.runners.statements.InvokeMethod.evaluate(InvokeMethod.java:20)
	at org.junit.runners.ParentRunner.runLeaf(ParentRunner.java:263)
	at org.junit.runners.BlockJUnit4ClassRunner.runChild(BlockJUnit4ClassRunner.java:68)
	at org.junit.runners.BlockJUnit4ClassRunner.runChild(BlockJUnit4ClassRunner.java:47)
	at org.junit.runners.ParentRunner$3.run(ParentRunner.java:231)
	at org.junit.runners.ParentRunner$1.schedule(ParentRunner.java:60)
	at org.junit.runners.ParentRunner.runChildren(ParentRunner.java:229)
	at org.junit.runners.ParentRunner.access$000(ParentRunner.java:50)
	at org.junit.runners.ParentRunner$2.evaluate(ParentRunner.java:222)
	at org.junit.runners.ParentRunner.run(ParentRunner.java:300)
	at org.junit.runners.Suite.runChild(Suite.java:128)
	at org.junit.runners.Suite.runChild(Suite.java:24)
	at org.junit.runners.ParentRunner$3.run(ParentRunner.java:231)
	at org.junit.runners.ParentRunner$1.schedule(ParentRunner.java:60)
	at org.junit.runners.ParentRunner.runChildren(ParentRunner.java:229)
	at org.junit.runners.ParentRunner.access$000(ParentRunner.java:50)
	at org.junit.runners.ParentRunner$2.evaluate(ParentRunner.java:222)
	at org.junit.runners.ParentRunner.run(ParentRunner.java:300)
	at org.junit.runner.JUnitCore.run(JUnitCore.java:157)
	at org.junit.runner.JUnitCore.run(JUnitCore.java:136)
	at org.junit.runner.JUnitCore.run(JUnitCore.java:117)
	at org.junit.runner.JUnitCore.runMain(JUnitCore.java:98)
	at org.junit.runner.JUnitCore.runMainAndExit(JUnitCore.java:53)
	at org.junit.runner.JUnitCore.main(JUnitCore.java:45)
6) testEquals1(tests.DoubleLinkedSeqTest)
java.lang.AssertionError: An empty sequence is equal to itself: false
	at org.junit.Assert.fail(Assert.java:93)
	at org.junit.Assert.assertTrue(Assert.java:43)
	at tests.DoubleLinkedSeqTest.test(DoubleLinkedSeqTest.java:55)
	at tests.DoubleLinkedSeqTest.testEquals1(DoubleLinkedSeqTest.java:956)
	at sun.reflect.NativeMethodAccessorImpl.invoke0(Native Method)
	at sun.reflect.NativeMethodAccessorImpl.invoke(NativeMethodAccessorImpl.java:62)
	at sun.reflect.DelegatingMethodAccessorImpl.invoke(DelegatingMethodAccessorImpl.java:43)
	at java.lang.reflect.Method.invoke(Method.java:498)
	at org.junit.runners.model.FrameworkMethod$1.runReflectiveCall(FrameworkMethod.java:45)
	at org.junit.internal.runners.model.ReflectiveCallable.run(ReflectiveCallable.java:15)
	at org.junit.runners.model.FrameworkMethod.invokeExplosively(FrameworkMethod.java:42)
	at org.junit.internal.runners.statements.InvokeMethod.evaluate(InvokeMethod.java:20)
	at org.junit.runners.ParentRunner.runLeaf(ParentRunner.java:263)
	at org.junit.runners.BlockJUnit4ClassRunner.runChild(BlockJUnit4ClassRunner.java:68)
	at org.junit.runners.BlockJUnit4ClassRunner.runChild(BlockJUnit4ClassRunner.java:47)
	at org.junit.runners.ParentRunner$3.run(ParentRunner.java:231)
	at org.junit.runners.ParentRunner$1.schedule(ParentRunner.java:60)
	at org.junit.runners.ParentRunner.runChildren(ParentRunner.java:229)
	at org.junit.runners.ParentRunner.access$000(ParentRunner.java:50)
	at org.junit.runners.ParentRunner$2.evaluate(ParentRunner.java:222)
	at org.junit.runners.ParentRunner.run(ParentRunner.java:300)
	at org.junit.runners.Suite.runChild(Suite.java:128)
	at org.junit.runners.Suite.runChild(Suite.java:24)
	at org.junit.runners.ParentRunner$3.run(ParentRunner.java:231)
	at org.junit.runners.ParentRunner$1.schedule(ParentRunner.java:60)
	at org.junit.runners.ParentRunner.runChildren(ParentRunner.java:229)
	at org.junit.runners.ParentRunner.access$000(ParentRunner.java:50)
	at org.junit.runners.ParentRunner$2.evaluate(ParentRunner.java:222)
	at org.junit.runners.ParentRunner.run(ParentRunner.java:300)
	at org.junit.runner.JUnitCore.run(JUnitCore.java:157)
	at org.junit.runner.JUnitCore.run(JUnitCore.java:136)
	at org.junit.runner.JUnitCore.run(JUnitCore.java:117)
	at org.junit.runner.JUnitCore.runMain(JUnitCore.java:98)
	at org.junit.runner.JUnitCore.runMainAndExit(JUnitCore.java:53)
	at org.junit.runner.JUnitCore.main(JUnitCore.java:45)
7) testEquals(tests.DoubleLinkedSeqTest)
java.lang.AssertionError: Two empty sequences are equal: false
	at org.junit.Assert.fail(Assert.java:93)
	at org.junit.Assert.assertTrue(Assert.java:43)
	at tests.DoubleLinkedSeqTest.test(DoubleLinkedSeqTest.java:55)
	at tests.DoubleLinkedSeqTest.testEquals(DoubleLinkedSeqTest.java:82)
	at sun.reflect.NativeMethodAccessorImpl.invoke0(Native Method)
	at sun.reflect.NativeMethodAccessorImpl.invoke(NativeMethodAccessorImpl.java:62)
	at sun.reflect.DelegatingMethodAccessorImpl.invoke(DelegatingMethodAccessorImpl.java:43)
	at java.lang.reflect.Method.invoke(Method.java:498)
	at org.junit.runners.model.FrameworkMethod$1.runReflectiveCall(FrameworkMethod.java:45)
	at org.junit.internal.runners.model.ReflectiveCallable.run(ReflectiveCallable.java:15)
	at org.junit.runners.model.FrameworkMethod.invokeExplosively(FrameworkMethod.java:42)
	at org.junit.internal.runners.statements.InvokeMethod.evaluate(InvokeMethod.java:20)
	at org.junit.runners.ParentRunner.runLeaf(ParentRunner.java:263)
	at org.junit.runners.BlockJUnit4ClassRunner.runChild(BlockJUnit4ClassRunner.java:68)
	at org.junit.runners.BlockJUnit4ClassRunner.runChild(BlockJUnit4ClassRunner.java:47)
	at org.junit.runners.ParentRunner$3.run(ParentRunner.java:231)
	at org.junit.runners.ParentRunner$1.schedule(ParentRunner.java:60)
	at org.junit.runners.ParentRunner.runChildren(ParentRunner.java:229)
	at org.junit.runners.ParentRunner.access$000(ParentRunner.java:50)
	at org.junit.runners.ParentRunner$2.evaluate(ParentRunner.java:222)
	at org.junit.runners.ParentRunner.run(ParentRunner.java:300)
	at org.junit.runners.Suite.runChild(Suite.java:128)
	at org.junit.runners.Suite.runChild(Suite.java:24)
	at org.junit.runners.ParentRunner$3.run(ParentRunner.java:231)
	at org.junit.runners.ParentRunner$1.schedule(ParentRunner.java:60)
	at org.junit.runners.ParentRunner.runChildren(ParentRunner.java:229)
	at org.junit.runners.ParentRunner.access$000(ParentRunner.java:50)
	at org.junit.runners.ParentRunner$2.evaluate(ParentRunner.java:222)
	at org.junit.runners.ParentRunner.run(ParentRunner.java:300)
	at org.junit.runner.JUnitCore.run(JUnitCore.java:157)
	at org.junit.runner.JUnitCore.run(JUnitCore.java:136)
	at org.junit.runner.JUnitCore.run(JUnitCore.java:117)
	at org.junit.runner.JUnitCore.runMain(JUnitCore.java:98)
	at org.junit.runner.JUnitCore.runMainAndExit(JUnitCore.java:53)
	at org.junit.runner.JUnitCore.main(JUnitCore.java:45)

FAILURES!!!
Tests run: 48,  Failures: 7

